Library/Bee/Android/Prj/Mono2x/Gradle/unityLibrary/build/intermediates/manifest_merge_blame_file/debug/manifest-merger-blame-debug-report.txt
1<?xml version="1.0" encoding="utf-8"?>
2<manifest xmlns:android="http://schemas.android.com/apk/res/android"
3    xmlns:tools="http://schemas.android.com/tools"
4    package="com.unity3d.player"
5    android:versionCode="1"
6    android:versionName="1.1" >
7
8    <uses-sdk
9        android:minSdkVersion="22"
9-->src\main\AndroidManifest.xml
10        android:targetSdkVersion="30" />
10-->src\main\AndroidManifest.xml
11
12    <uses-feature android:glEsVersion="0x00030000" />
12-->src\main\AndroidManifest.xml:18:3-52
12-->src\main\AndroidManifest.xml:18:17-49
13    <uses-feature
13-->src\main\AndroidManifest.xml:19:3-91
14        android:name="android.hardware.vulkan.version"
14-->src\main\AndroidManifest.xml:19:17-63
15        android:required="false" />
15-->src\main\AndroidManifest.xml:19:64-88
16
17    <uses-permission android:name="android.permission.INTERNET" />
17-->src\main\AndroidManifest.xml:20:3-65
17-->src\main\AndroidManifest.xml:20:20-62
18    <uses-permission android:name="android.permission.ACCESS_NETWORK_STATE" />
18-->src\main\AndroidManifest.xml:21:3-77
18-->src\main\AndroidManifest.xml:21:20-74
19    <uses-permission android:name="android.permission.ACCESS_FINE_LOCATION" />
19-->src\main\AndroidManifest.xml:22:3-77
19-->src\main\AndroidManifest.xml:22:20-74
20
21    <uses-feature
21-->src\main\AndroidManifest.xml:23:3-89
22        android:name="android.hardware.location.gps"
22-->src\main\AndroidManifest.xml:23:17-61
23        android:required="false" />
23-->src\main\AndroidManifest.xml:23:62-86
24    <uses-feature
24-->src\main\AndroidManifest.xml:24:3-85
25        android:name="android.hardware.location"
25-->src\main\AndroidManifest.xml:24:17-57
26        android:required="false" />
26-->src\main\AndroidManifest.xml:24:58-82
27
28    <uses-permission android:name="android.permission.CAMERA" />
28-->src\main\AndroidManifest.xml:25:3-63
28-->src\main\AndroidManifest.xml:25:20-60
29
30    <uses-feature
30-->src\main\AndroidManifest.xml:26:3-83
31        android:name="android.hardware.camera"
31-->src\main\AndroidManifest.xml:26:17-55
32        android:required="false" />
32-->src\main\AndroidManifest.xml:26:56-80
33    <uses-feature
33-->src\main\AndroidManifest.xml:27:3-93
34        android:name="android.hardware.camera.autofocus"
34-->src\main\AndroidManifest.xml:27:17-65
35        android:required="false" />
35-->src\main\AndroidManifest.xml:27:66-90
36    <uses-feature
36-->src\main\AndroidManifest.xml:28:3-89
37        android:name="android.hardware.camera.front"
37-->src\main\AndroidManifest.xml:28:17-61
38        android:required="false" />
38-->src\main\AndroidManifest.xml:28:62-86
39    <uses-feature
39-->src\main\AndroidManifest.xml:29:3-97
40        android:name="android.hardware.sensor.accelerometer"
40-->src\main\AndroidManifest.xml:29:17-69
41        android:required="false" />
41-->src\main\AndroidManifest.xml:29:70-94
42    <uses-feature
42-->src\main\AndroidManifest.xml:30:3-88
43        android:name="android.hardware.touchscreen"
43-->src\main\AndroidManifest.xml:30:17-60
44        android:required="false" />
44-->src\main\AndroidManifest.xml:30:61-85
45    <uses-feature
45-->src\main\AndroidManifest.xml:31:3-99
46        android:name="android.hardware.touchscreen.multitouch"
46-->src\main\AndroidManifest.xml:31:17-71
47        android:required="false" />
47-->src\main\AndroidManifest.xml:31:72-96
48    <uses-feature
48-->src\main\AndroidManifest.xml:32:3-108
49        android:name="android.hardware.touchscreen.multitouch.distinct"
49-->src\main\AndroidManifest.xml:32:17-80
50        android:required="false" />
50-->src\main\AndroidManifest.xml:32:81-105
51
52    <application android:extractNativeLibs="true" >
52-->src\main\AndroidManifest.xml:3:3-17:17
52-->src\main\AndroidManifest.xml:3:16-48
53        <activity
53-->src\main\AndroidManifest.xml:4:5-11:16
54            android:name="com.unity3d.player.UnityPlayerActivity"
54-->src\main\AndroidManifest.xml:4:15-68
55            android:configChanges="mcc|mnc|locale|touchscreen|keyboard|keyboardHidden|navigation|orientation|screenLayout|uiMode|screenSize|smallestScreenSize|fontScale|layoutDirection|density"
55-->src\main\AndroidManifest.xml:4:180-361
56            android:hardwareAccelerated="false"
56-->src\main\AndroidManifest.xml:4:397-432
57            android:launchMode="singleTask"
57-->src\main\AndroidManifest.xml:4:148-179
58            android:resizeableActivity="false"
58-->src\main\AndroidManifest.xml:4:362-396
59            android:screenOrientation="portrait"
59-->src\main\AndroidManifest.xml:4:111-147
60            android:theme="@style/UnityThemeSelector" >
60-->src\main\AndroidManifest.xml:4:69-110
61            <intent-filter>
61-->src\main\AndroidManifest.xml:5:7-8:23
62                <action android:name="android.intent.action.MAIN" />
62-->src\main\AndroidManifest.xml:6:9-61
62-->src\main\AndroidManifest.xml:6:17-58
63
64                <category android:name="android.intent.category.LAUNCHER" />
64-->src\main\AndroidManifest.xml:7:9-69
64-->src\main\AndroidManifest.xml:7:19-66
65            </intent-filter>
66
67            <meta-data
67-->src\main\AndroidManifest.xml:9:7-82
68                android:name="unityplayer.UnityActivity"
68-->src\main\AndroidManifest.xml:9:18-58
69                android:value="true" />
69-->src\main\AndroidManifest.xml:9:59-79
70            <meta-data
70-->src\main\AndroidManifest.xml:10:7-78
71                android:name="android.notch_support"
71-->src\main\AndroidManifest.xml:10:18-54
72                android:value="true" />
72-->src\main\AndroidManifest.xml:10:55-75
73        </activity>
74
75        <meta-data
75-->src\main\AndroidManifest.xml:12:5-69
76            android:name="unity.splash-mode"
76-->src\main\AndroidManifest.xml:12:16-48
77            android:value="0" />
77-->src\main\AndroidManifest.xml:12:49-66
78        <meta-data
78-->src\main\AndroidManifest.xml:13:5-74
79            android:name="unity.splash-enable"
79-->src\main\AndroidManifest.xml:13:16-50
80            android:value="True" />
80-->src\main\AndroidManifest.xml:13:51-71
81        <meta-data
81-->src\main\AndroidManifest.xml:14:5-78
82            android:name="unity.launch-fullscreen"
82-->src\main\AndroidManifest.xml:14:16-54
83            android:value="True" />
83-->src\main\AndroidManifest.xml:14:55-75
84        <meta-data
84-->src\main\AndroidManifest.xml:15:5-84
85            android:name="unity.allow-resizable-window"
85-->src\main\AndroidManifest.xml:15:16-59
86            android:value="False" />
86-->src\main\AndroidManifest.xml:15:60-81
87        <meta-data
87-->src\main\AndroidManifest.xml:16:5-81
88            android:name="notch.config"
88-->src\main\AndroidManifest.xml:16:16-43
89            android:value="portrait|landscape" />
89-->src\main\AndroidManifest.xml:16:44-78
90    </application>
91
92</manifest>